<?xml version="1.0" encoding="UTF-8"?>
<!-- Generated by org.testng.reporters.JUnitReportReporter -->
<testsuite hostname="Dartland" name="ru.st.selenium.AddNewFilmTestPositive" tests="1" failures="0" timestamp="16 Jun 2015 12:59:09 GMT" time="2.648" errors="0">
  <testcase name="AddNewFilmTestPositive" time="2.648" classname="ru.st.selenium.AddNewFilmTestPositive"/>
</testsuite> <!-- ru.st.selenium.AddNewFilmTestPositive -->
