<?xml version="1.0" encoding="UTF-8"?>
<!-- Generated by org.testng.reporters.JUnitReportReporter -->
<testsuite hostname="Dartland" name="ru.st.selenium.AddNewFilmTestPositive" tests="1" failures="0" timestamp="19 Jun 2015 14:32:37 GMT" time="2.707" errors="0">
  <testcase name="AddNewFilmTestPositive" time="2.707" classname="ru.st.selenium.AddNewFilmTestPositive"/>
</testsuite> <!-- ru.st.selenium.AddNewFilmTestPositive -->
