<?xml version="1.0" encoding="UTF-8"?>
<!-- Generated by org.testng.reporters.JUnitReportReporter -->
<testsuite hostname="Dartland" name="ru.st.selenium.RemoveFilmTest" tests="1" failures="0" timestamp="19 Jun 2015 14:32:37 GMT" time="3.347" errors="0">
  <testcase name="RemoveFilmTest" time="3.347" classname="ru.st.selenium.RemoveFilmTest"/>
</testsuite> <!-- ru.st.selenium.RemoveFilmTest -->
