<?xml version="1.0" encoding="UTF-8"?>
<!-- Generated by org.testng.reporters.JUnitReportReporter -->
<testsuite hostname="Dartland" name="ru.st.selenium.LoginTest" tests="1" failures="0" timestamp="19 Jun 2015 14:32:37 GMT" time="2.992" errors="0">
  <testcase name="LoginTest" time="2.992" classname="ru.st.selenium.LoginTest"/>
</testsuite> <!-- ru.st.selenium.LoginTest -->
