<?xml version="1.0" encoding="UTF-8"?>
<!-- Generated by org.testng.reporters.JUnitReportReporter -->
<testsuite hostname="Dartland" name="ru.st.selenium.RemoveFilmTest" tests="1" failures="0" timestamp="16 Jun 2015 12:59:09 GMT" time="2.449" errors="0">
  <testcase name="RemoveFilmTest" time="2.449" classname="ru.st.selenium.RemoveFilmTest"/>
</testsuite> <!-- ru.st.selenium.RemoveFilmTest -->
