<?xml version="1.0" encoding="UTF-8"?>
<!-- Generated by org.testng.reporters.JUnitReportReporter -->
<testsuite hostname="DartlandKitchen" name="ru.st.selenium.AddNewFilmTestPositive" tests="1" failures="0" timestamp="13 Jun 2015 17:49:57 GMT" time="8.102" errors="0">
  <testcase name="AddNewFilmTestPositive" time="8.102" classname="ru.st.selenium.AddNewFilmTestPositive"/>
</testsuite> <!-- ru.st.selenium.AddNewFilmTestPositive -->
