<?xml version="1.0" encoding="UTF-8"?>
<!-- Generated by org.testng.reporters.JUnitReportReporter -->
<testsuite hostname="Dartland" name="ru.st.selenium.LoginTest" tests="1" failures="0" timestamp="16 Jun 2015 12:59:09 GMT" time="2.952" errors="0">
  <testcase name="LoginTest" time="2.952" classname="ru.st.selenium.LoginTest"/>
</testsuite> <!-- ru.st.selenium.LoginTest -->
