<?xml version="1.0" encoding="UTF-8"?>
<!-- Generated by org.testng.reporters.JUnitReportReporter -->
<testsuite hostname="Dartland" name="ru.st.selenium.AddNewFilmTestNegative" tests="1" failures="0" timestamp="16 Jun 2015 12:59:09 GMT" time="2.633" errors="0">
  <testcase name="AddNewFilmTestNegative" time="2.633" classname="ru.st.selenium.AddNewFilmTestNegative"/>
</testsuite> <!-- ru.st.selenium.AddNewFilmTestNegative -->
