<?xml version="1.0" encoding="UTF-8"?>
<!-- Generated by org.testng.reporters.JUnitReportReporter -->
<testsuite hostname="DartlandKitchen" name="ru.st.selenium.AddNewFilmTestNegative" tests="1" failures="0" timestamp="13 Jun 2015 17:49:57 GMT" time="6.342" errors="0">
  <testcase name="AddNewFilmTestNegative" time="6.342" classname="ru.st.selenium.AddNewFilmTestNegative"/>
</testsuite> <!-- ru.st.selenium.AddNewFilmTestNegative -->
